<?xml version="1.0" encoding="UTF-8" standalone="yes"?>
<!DOCTYPE report PUBLIC "-//JACOCO//DTD Report 1.1//EN" "report.dtd">
<report name="sample">
  <package name="com/example">
    <sourcefile name="Calc.java">
      <line nr="1" mi="0" ci="3" mb="0" cb="0"/>
      <line nr="2" mi="0" ci="3" mb="0" cb="0"/>
      <line nr="3" mi="0" ci="3" mb="0" cb="0"/>
      <line nr="4" mi="0" ci="3" mb="0" cb="0"/>
      <line nr="5" mi="0" ci="3" mb="0" cb="0"/>
      <line nr="7" mi="2" ci="0" mb="0" cb="0"/>
      <line nr="8" mi="2" ci="0" mb="0" cb="0"/>
      <line nr="9" mi="2" ci="0" mb="0" cb="0"/>
      <line nr="10" mi="0" ci="3" mb="0" cb="0"/>
      <line nr="11" mi="0" ci="3" mb="0" cb="0"/>
    </sourcefile>
    <sourcefile name="Util.java">
      <line nr="1" mi="0" ci="2"/>
      <line nr="2" mi="0" ci="2"/>
    </sourcefile>
  </package>
</report>
